<?xml version="1.0" encoding="UTF-8"?>
<testng-results ignored="0" total="1" passed="1" failed="0" skipped="0">
  <reporter-output>
  </reporter-output>
  <suite started-at="2025-12-28T20:45:56 IST" name="Suite" finished-at="2025-12-28T20:46:09 IST" duration-ms="12193">
    <groups>
    </groups>
    <test started-at="2025-12-28T20:45:56 IST" name="Test" finished-at="2025-12-28T20:46:09 IST" duration-ms="12193">
      <class name="tests.Standalone1">
        <test-method is-config="true" signature="launch1()[pri:0, instance:tests.Standalone1@28701274]" started-at="2025-12-28T20:45:57 IST" name="launch1" finished-at="2025-12-28T20:46:06 IST" duration-ms="9466" status="PASS">
          <reporter-output>
          </reporter-output>
        </test-method> <!-- launch1 -->
        <test-method signature="testlaunch()[pri:0, instance:tests.Standalone1@28701274]" started-at="2025-12-28T20:46:06 IST" name="testlaunch" finished-at="2025-12-28T20:46:09 IST" duration-ms="2614" status="PASS">
          <reporter-output>
          </reporter-output>
        </test-method> <!-- testlaunch -->
      </class> <!-- tests.Standalone1 -->
    </test> <!-- Test -->
  </suite> <!-- Suite -->
</testng-results>
